IQ-TREE multicore version 2.3.5.cmaple COVID-edition for Linux x86 64-bit built May 27 2024
Developed by Bui Quang Minh, James Barbetti, Nguyen Lam Tung, Olga Chernomor,
Heiko Schmidt, Dominik Schrempf, Michael Woodhams, Ly Trong Nhan, Thomas Wong

Host:    9b0de25f0761 (AVX2, FMA3, 7 GB RAM)
Command: iqtree --threads-max 1 -s results/aligned-delim.fasta -m GTR --ninit 2 -n 2 --epsilon 0.05 -T AUTO --redo
Seed:    617748 (Using SPRNG - Scalable Parallel Random Number Generator)
Time:    Tue Jun 24 20:44:34 2025
Kernel:  AVX+FMA - auto-detect threads (8 CPU cores detected)

Reading alignment file results/aligned-delim.fasta ... Fasta format detected
Reading fasta file: done in 0.0246627 secs using 84.27% CPU
Alignment most likely contains DNA/RNA sequences
Alignment has 73 sequences with 5000 columns, 1028 distinct patterns
741 parsimony-informative, 845 singleton sites, 3414 constant sites
         Gap/Ambiguity  Composition  p-value
Analyzing sequences: done in 0.000498291 secs using 99.74% CPU
   1  leaf_0     0.00%    passed     99.59%
   2  leaf_1     0.00%    passed     99.16%
   3  leaf_4     0.00%    passed     98.20%
   4  leaf_6     0.00%    passed     97.49%
   5  leaf_19    0.00%    passed     98.22%
   6  leaf_30    0.00%    passed     99.45%
   7  leaf_53    0.00%    passed     98.39%
   8  leaf_31    0.00%    passed     99.09%
   9  leaf_52    0.00%    passed     99.03%
  10  leaf_41    0.00%    passed     98.31%
  11  leaf_46    0.00%    passed     95.27%
  12  leaf_50    0.00%    passed     93.49%
  13  leaf_21    0.00%    passed     98.42%
  14  leaf_20    0.00%    passed     95.62%
  15  leaf_12    0.00%    passed     92.09%
  16  leaf_27    0.00%    passed     95.29%
  17  leaf_23    0.00%    passed     99.60%
  18  leaf_28    0.00%    passed     98.56%
  19  leaf_29    0.00%    passed     99.10%
  20  leaf_3     0.00%    passed     99.67%
  21  leaf_32    0.00%    passed     99.50%
  22  leaf_8     0.00%    passed     99.24%
  23  leaf_17    0.00%    passed     99.77%
  24  leaf_13    0.00%    passed    100.00%
  25  leaf_44    0.00%    passed     99.83%
  26  leaf_57    0.00%    passed     99.92%
  27  leaf_60    0.00%    passed     99.57%
  28  leaf_66    0.00%    passed     99.66%
  29  leaf_45    0.00%    passed     99.27%
  30  leaf_55    0.00%    passed     99.34%
  31  leaf_56    0.00%    passed     99.71%
  32  leaf_68    0.00%    passed     99.95%
  33  leaf_69    0.00%    passed     99.93%
  34  leaf_65    0.00%    passed     99.83%
  35  leaf_67    0.00%    passed     99.74%
  36  leaf_70    0.00%    passed     99.25%
  37  leaf_72    0.00%    passed     99.75%
  38  leaf_71    0.00%    passed     99.99%
  39  leaf_42    0.00%    passed     98.43%
  40  leaf_54    0.00%    passed     98.36%
  41  leaf_43    0.00%    passed     98.93%
  42  leaf_5     0.00%    passed     99.39%
  43  leaf_58    0.00%    passed     99.91%
  44  leaf_59    0.00%    passed     99.78%
  45  leaf_63    0.00%    passed     98.44%
  46  leaf_11    0.00%    passed     97.69%
  47  leaf_24    0.00%    passed     98.36%
  48  leaf_33    0.00%    passed     95.06%
  49  leaf_38    0.00%    passed     98.32%
  50  leaf_40    0.00%    passed     96.99%
  51  leaf_48    0.00%    passed     97.03%
  52  leaf_62    0.00%    passed     98.74%
  53  leaf_64    0.00%    passed     98.56%
  54  leaf_61    0.00%    passed     99.07%
  55  leaf_47    0.00%    passed     97.23%
  56  leaf_34    0.00%    passed     97.02%
  57  leaf_51    0.00%    passed     99.68%
  58  leaf_26    0.00%    passed     99.88%
  59  leaf_37    0.00%    passed     99.00%
  60  leaf_10    0.00%    passed     94.76%
  61  leaf_36    0.00%    passed     95.27%
  62  leaf_14    0.00%    passed     98.61%
  63  leaf_18    0.00%    passed     99.90%
  64  leaf_22    0.00%    passed     99.71%
  65  leaf_15    0.00%    passed     98.23%
  66  leaf_16    0.00%    passed     96.07%
  67  leaf_25    0.00%    passed     99.68%
  68  leaf_2     0.00%    passed     99.54%
  69  leaf_7     0.00%    passed     99.74%
  70  leaf_9     0.00%    passed     99.98%
  71  leaf_35    0.00%    passed     99.21%
  72  leaf_39    0.00%    passed     94.74%
  73  leaf_49    0.00%    passed     97.32%
****  TOTAL      0.00%  0 sequences failed composition chi2 test (p-value<5%; df=3)

Create initial parsimony tree by phylogenetic likelihood library (PLL)... 0.034 seconds

NOTE: 2 MB RAM (0 GB) is required!
Measuring multi-threading efficiency up to 1 CPU cores
Increase to 10 rounds for branch lengths
3 trees examined
Threads: 1 / Time: 1.154 sec / Speedup: 1.000 / Efficiency: 100% / LogL: -41142
BEST NUMBER OF THREADS: 1

Estimate model parameters (epsilon = 0.500)
1. Initial log-likelihood: -21441.424
2. Current log-likelihood: -21434.324
Optimal log-likelihood: -21434.321
Rate parameters:  A-C: 0.90225  A-G: 0.82456  A-T: 0.96636  C-G: 0.95219  C-T: 0.82945  G-T: 1.00000
Base frequencies:  A: 0.246  C: 0.252  G: 0.252  T: 0.249
Parameters optimization took 2 rounds (1.006 sec)
Wrote distance file to... 
Computing ML distances based on estimated model parameters...
Calculating distance matrix: done in 0.114747 secs using 100% CPU
Computing ML distances took 0.117462 sec (of wall-clock time) 0.115973 sec (of CPU time)
Setting up auxiliary I and S matrices: done in 0.00507808 secs using 100.8% CPU
Computing RapidNJ tree took 0.014182 sec (of wall-clock time) 0.013461 sec (of CPU time)
Log-likelihood of RapidNJ tree: -21469.088
--------------------------------------------------------------------
|             INITIALIZING CANDIDATE TREE SET                      |
--------------------------------------------------------------------

Do NNI search on 2 best initial trees
BETTER TREE FOUND at iteration 1: -21434.320
Finish initializing candidate tree set (4)
Current best tree score: -21434.320 / CPU time: 1.324
Number of iterations: 2
TREE SEARCH COMPLETED AFTER 2 ITERATIONS / Time: 0h:0m:4s

--------------------------------------------------------------------
|                    FINALIZING TREE SEARCH                        |
--------------------------------------------------------------------
Performs final model parameters optimization
Estimate model parameters (epsilon = 0.050)
1. Initial log-likelihood: -21434.320
Optimal log-likelihood: -21434.319
Rate parameters:  A-C: 0.90078  A-G: 0.82401  A-T: 0.96387  C-G: 0.95128  C-T: 0.83035  G-T: 1.00000
Base frequencies:  A: 0.246  C: 0.252  G: 0.252  T: 0.249
Parameters optimization took 1 rounds (0.341 sec)
BEST SCORE FOUND : -21434.319
Total tree length: 0.386

Total number of iterations: 2
CPU time used for tree search: 1.314 sec (0h:0m:1s)
Wall-clock time used for tree search: 1.331 sec (0h:0m:1s)
Total CPU time used: 4.266 sec (0h:0m:4s)
Total wall-clock time used: 4.371 sec (0h:0m:4s)

Analysis results written to: 
  IQ-TREE report:                results/aligned-delim.fasta.iqtree
  Maximum-likelihood tree:       results/aligned-delim.fasta.treefile
  Likelihood distances:          results/aligned-delim.fasta.mldist
  Screen log file:               results/aligned-delim.fasta.log

Date and Time: Tue Jun 24 20:44:39 2025
