IQ-TREE multicore version 2.3.5.cmaple COVID-edition for Linux x86 64-bit built May 27 2024
Developed by Bui Quang Minh, James Barbetti, Nguyen Lam Tung, Olga Chernomor,
Heiko Schmidt, Dominik Schrempf, Michael Woodhams, Ly Trong Nhan, Thomas Wong

Host:    f429bdbe55bf (AVX2, FMA3, 7 GB RAM)
Command: iqtree --threads-max 1 -s data/simulated_alignment-delim.fasta -m GTR --ninit 2 -n 2 --epsilon 0.05 -T AUTO --redo
Seed:    780868 (Using SPRNG - Scalable Parallel Random Number Generator)
Time:    Wed Jun 25 21:14:54 2025
Kernel:  AVX+FMA - auto-detect threads (8 CPU cores detected)

Reading alignment file data/simulated_alignment-delim.fasta ... Fasta format detected
Reading fasta file: done in 0.0240457 secs using 90.78% CPU
Alignment most likely contains DNA/RNA sequences
Alignment has 73 sequences with 5000 columns, 1028 distinct patterns
741 parsimony-informative, 845 singleton sites, 3414 constant sites
         Gap/Ambiguity  Composition  p-value
Analyzing sequences: done in 0.000490333 secs using 97.28% CPU
   1  leaf_0     0.00%    passed     99.59%
   2  leaf_1     0.00%    passed     99.16%
   3  leaf_2     0.00%    passed     99.54%
   4  leaf_3     0.00%    passed     99.67%
   5  leaf_4     0.00%    passed     98.20%
   6  leaf_5     0.00%    passed     99.39%
   7  leaf_6     0.00%    passed     97.49%
   8  leaf_7     0.00%    passed     99.74%
   9  leaf_8     0.00%    passed     99.24%
  10  leaf_9     0.00%    passed     99.98%
  11  leaf_10    0.00%    passed     94.76%
  12  leaf_11    0.00%    passed     97.69%
  13  leaf_12    0.00%    passed     92.09%
  14  leaf_13    0.00%    passed    100.00%
  15  leaf_14    0.00%    passed     98.61%
  16  leaf_15    0.00%    passed     98.23%
  17  leaf_16    0.00%    passed     96.07%
  18  leaf_17    0.00%    passed     99.77%
  19  leaf_18    0.00%    passed     99.90%
  20  leaf_19    0.00%    passed     98.22%
  21  leaf_20    0.00%    passed     95.62%
  22  leaf_21    0.00%    passed     98.42%
  23  leaf_22    0.00%    passed     99.71%
  24  leaf_23    0.00%    passed     99.60%
  25  leaf_24    0.00%    passed     98.36%
  26  leaf_25    0.00%    passed     99.68%
  27  leaf_26    0.00%    passed     99.88%
  28  leaf_27    0.00%    passed     95.29%
  29  leaf_28    0.00%    passed     98.56%
  30  leaf_29    0.00%    passed     99.10%
  31  leaf_30    0.00%    passed     99.45%
  32  leaf_31    0.00%    passed     99.09%
  33  leaf_32    0.00%    passed     99.50%
  34  leaf_33    0.00%    passed     95.06%
  35  leaf_34    0.00%    passed     97.02%
  36  leaf_35    0.00%    passed     99.21%
  37  leaf_36    0.00%    passed     95.27%
  38  leaf_37    0.00%    passed     99.00%
  39  leaf_38    0.00%    passed     98.32%
  40  leaf_39    0.00%    passed     94.74%
  41  leaf_40    0.00%    passed     96.99%
  42  leaf_41    0.00%    passed     98.31%
  43  leaf_42    0.00%    passed     98.43%
  44  leaf_43    0.00%    passed     98.93%
  45  leaf_44    0.00%    passed     99.83%
  46  leaf_45    0.00%    passed     99.27%
  47  leaf_46    0.00%    passed     95.27%
  48  leaf_47    0.00%    passed     97.23%
  49  leaf_48    0.00%    passed     97.03%
  50  leaf_49    0.00%    passed     97.32%
  51  leaf_50    0.00%    passed     93.49%
  52  leaf_51    0.00%    passed     99.68%
  53  leaf_52    0.00%    passed     99.03%
  54  leaf_53    0.00%    passed     98.39%
  55  leaf_54    0.00%    passed     98.36%
  56  leaf_55    0.00%    passed     99.34%
  57  leaf_56    0.00%    passed     99.71%
  58  leaf_57    0.00%    passed     99.92%
  59  leaf_58    0.00%    passed     99.91%
  60  leaf_59    0.00%    passed     99.78%
  61  leaf_60    0.00%    passed     99.57%
  62  leaf_61    0.00%    passed     99.07%
  63  leaf_62    0.00%    passed     98.74%
  64  leaf_63    0.00%    passed     98.44%
  65  leaf_64    0.00%    passed     98.56%
  66  leaf_65    0.00%    passed     99.83%
  67  leaf_66    0.00%    passed     99.66%
  68  leaf_67    0.00%    passed     99.74%
  69  leaf_68    0.00%    passed     99.95%
  70  leaf_69    0.00%    passed     99.93%
  71  leaf_70    0.00%    passed     99.25%
  72  leaf_71    0.00%    passed     99.99%
  73  leaf_72    0.00%    passed     99.75%
****  TOTAL      0.00%  0 sequences failed composition chi2 test (p-value<5%; df=3)

Create initial parsimony tree by phylogenetic likelihood library (PLL)... 0.034 seconds

NOTE: 2 MB RAM (0 GB) is required!
Measuring multi-threading efficiency up to 1 CPU cores
Increase to 10 rounds for branch lengths
3 trees examined
Threads: 1 / Time: 1.428 sec / Speedup: 1.000 / Efficiency: 100% / LogL: -39139
BEST NUMBER OF THREADS: 1

Estimate model parameters (epsilon = 0.500)
1. Initial log-likelihood: -21440.208
2. Current log-likelihood: -21434.317
Optimal log-likelihood: -21434.314
Rate parameters:  A-C: 0.90225  A-G: 0.82456  A-T: 0.96636  C-G: 0.95220  C-T: 0.82945  G-T: 1.00000
Base frequencies:  A: 0.246  C: 0.252  G: 0.252  T: 0.249
Parameters optimization took 2 rounds (1.018 sec)
Wrote distance file to... 
Computing ML distances based on estimated model parameters...
Calculating distance matrix: done in 0.115007 secs using 99.79% CPU
Computing ML distances took 0.117708 sec (of wall-clock time) 0.116093 sec (of CPU time)
Setting up auxiliary I and S matrices: done in 0.00616575 secs using 93.5% CPU
Computing RapidNJ tree took 0.015666 sec (of wall-clock time) 0.017721 sec (of CPU time)
Log-likelihood of RapidNJ tree: -21469.088
--------------------------------------------------------------------
|             INITIALIZING CANDIDATE TREE SET                      |
--------------------------------------------------------------------

Do NNI search on 2 best initial trees
BETTER TREE FOUND at iteration 1: -21434.312
Finish initializing candidate tree set (4)
Current best tree score: -21434.312 / CPU time: 1.544
Number of iterations: 2
TREE SEARCH COMPLETED AFTER 2 ITERATIONS / Time: 0h:0m:4s

--------------------------------------------------------------------
|                    FINALIZING TREE SEARCH                        |
--------------------------------------------------------------------
Performs final model parameters optimization
Estimate model parameters (epsilon = 0.050)
1. Initial log-likelihood: -21434.312
Optimal log-likelihood: -21434.311
Rate parameters:  A-C: 0.90078  A-G: 0.82401  A-T: 0.96387  C-G: 0.95127  C-T: 0.83035  G-T: 1.00000
Base frequencies:  A: 0.246  C: 0.252  G: 0.252  T: 0.249
Parameters optimization took 1 rounds (0.283 sec)
BEST SCORE FOUND : -21434.311
Total tree length: 0.386

Total number of iterations: 2
CPU time used for tree search: 1.537 sec (0h:0m:1s)
Wall-clock time used for tree search: 1.552 sec (0h:0m:1s)
Total CPU time used: 4.723 sec (0h:0m:4s)
Total wall-clock time used: 4.832 sec (0h:0m:4s)

Analysis results written to: 
  IQ-TREE report:                data/simulated_alignment-delim.fasta.iqtree
  Maximum-likelihood tree:       data/simulated_alignment-delim.fasta.treefile
  Likelihood distances:          data/simulated_alignment-delim.fasta.mldist
  Screen log file:               data/simulated_alignment-delim.fasta.log

Date and Time: Wed Jun 25 21:14:59 2025
